Base path: 'E:/UnityEditor/2019.4.21f1c1/Editor/Data', plugins path 'E:/UnityEditor/2019.4.21f1c1/Editor/Data/PlaybackEngines'
Cmd: initializeCompiler
Cmd: preprocess
  insize=13039 outsize=8376 ok=1
Cmd: preprocess
  insize=5903 outsize=418 ok=1
Cmd: preprocess
  insize=13039 outsize=8376 ok=1
Cmd: preprocess
  insize=13039 outsize=8376 ok=1
Cmd: preprocess
  insize=13039 outsize=8376 ok=1
Cmd: preprocess
  insize=13039 outsize=8376 ok=1
Cmd: preprocess
  insize=13039 outsize=8376 ok=1
Cmd: preprocess
  insize=13039 outsize=8376 ok=1
Cmd: preprocess
  insize=13039 outsize=8376 ok=1
Cmd: preprocess
  insize=13039 outsize=8376 ok=1
Cmd: preprocess
  insize=13039 outsize=8376 ok=1
Cmd: preprocess
  insize=13039 outsize=8376 ok=1
Cmd: preprocess
  insize=13039 outsize=8376 ok=1
Cmd: preprocess
  insize=13039 outsize=8376 ok=1
Cmd: preprocess
  insize=13039 outsize=8376 ok=1
Cmd: preprocess
  insize=13039 outsize=8376 ok=1
Cmd: preprocess
  insize=13039 outsize=8376 ok=1
Cmd: preprocess
  insize=13039 outsize=8376 ok=1
Cmd: preprocess
  insize=13039 outsize=8376 ok=1
Cmd: preprocess
  insize=13039 outsize=8376 ok=1
Cmd: preprocess
  insize=13039 outsize=8376 ok=1
Cmd: preprocess
  insize=13039 outsize=8376 ok=1
Cmd: preprocess
  insize=13039 outsize=8376 ok=1
Cmd: preprocess
  insize=13039 outsize=8376 ok=1
Cmd: preprocess
  insize=13039 outsize=8376 ok=1
Cmd: preprocess
  insize=13039 outsize=8376 ok=1
Cmd: preprocess
  insize=13039 outsize=8376 ok=1
Cmd: preprocess
  insize=13039 outsize=8376 ok=1
Cmd: preprocess
  insize=13039 outsize=8376 ok=1
Cmd: preprocess
  insize=13039 outsize=8376 ok=1
Cmd: preprocess
  insize=13039 outsize=8376 ok=1
Cmd: preprocess
  insize=13039 outsize=8376 ok=1
Cmd: preprocess
  insize=13039 outsize=8376 ok=1
Cmd: preprocess
  insize=13039 outsize=8376 ok=1
Cmd: preprocess
  insize=13039 outsize=8376 ok=1
Cmd: preprocess
  insize=13039 outsize=8376 ok=1
Cmd: preprocess
  insize=13039 outsize=8376 ok=1
Cmd: preprocess
  insize=13039 outsize=8376 ok=1
Cmd: preprocess
  insize=13039 outsize=8376 ok=1
Cmd: preprocess
  insize=13039 outsize=8376 ok=1
Cmd: preprocess
  insize=13039 outsize=8376 ok=1
Cmd: preprocess
  insize=13039 outsize=8376 ok=1
Cmd: preprocess
  insize=13039 outsize=8376 ok=1
Cmd: preprocess
  insize=13039 outsize=8376 ok=1
Cmd: preprocess
  insize=13039 outsize=8376 ok=1
Cmd: preprocess
  insize=13039 outsize=8376 ok=1
Cmd: compileSnippet
  error: 2 plat 4 at ./Assets/Shaders/include/MyUnityStandardCoreForward.cginc(21): 'fragForwardBaseInternal': no matching 1 parameter function\nCompiling Vertex program with UNITY_PASS_FORWARDADD DIRECTIONAL
Platform defines: UNITY_ENABLE_REFLECTION_BUFFERS UNITY_USE_DITHER_MASK_FOR_ALPHABLENDED_SHADOWS UNITY_PBS_USE_BRDF1 UNITY_SPECCUBE_BOX_PROJECTION UNITY_SPECCUBE_BLENDING UNITY_ENABLE_DETAIL_NORMALMAP SHADER_API_DESKTOP UNITY_COLORSPACE_GAMMA UNITY_LIGHT_PROBE_PROXY_VOLUME UNITY_LIGHTMAP_FULL_HDR
  api=4 type=0 insize=1635 outsize=0 kw=UNITY_PASS_FORWARDADD DIRECTIONAL pd=UNITY_ENABLE_REFLECTION_BUFFERS UNITY_USE_DITHER_MASK_FOR_ALPHABLENDED_SHADOWS UNITY_PBS_USE_BRDF1 UNITY_SPECCUBE_BOX_PROJECTION UNITY_SPECCUBE_BLENDING UNITY_ENABLE_DETAIL_NORMALMAP SHADER_API_DESKTOP UNITY_COLORSPACE_GAMMA UNITY_LIGHT_PROBE_PROXY_VOLUME UNITY_LIGHTMAP_FULL_HDR ok=0
Cmd: compileSnippet
  error: 2 plat 4 at ./Assets/Shaders/include/MyUnityStandardCoreForward.cginc(21): 'fragForwardBaseInternal': no matching 1 parameter function\nCompiling Fragment program with UNITY_PASS_FORWARDADD DIRECTIONAL
Platform defines: UNITY_ENABLE_REFLECTION_BUFFERS UNITY_USE_DITHER_MASK_FOR_ALPHABLENDED_SHADOWS UNITY_PBS_USE_BRDF1 UNITY_SPECCUBE_BOX_PROJECTION UNITY_SPECCUBE_BLENDING UNITY_ENABLE_DETAIL_NORMALMAP SHADER_API_DESKTOP UNITY_COLORSPACE_GAMMA UNITY_LIGHT_PROBE_PROXY_VOLUME UNITY_LIGHTMAP_FULL_HDR
  api=4 type=1 insize=1635 outsize=0 kw=UNITY_PASS_FORWARDADD DIRECTIONAL pd=UNITY_ENABLE_REFLECTION_BUFFERS UNITY_USE_DITHER_MASK_FOR_ALPHABLENDED_SHADOWS UNITY_PBS_USE_BRDF1 UNITY_SPECCUBE_BOX_PROJECTION UNITY_SPECCUBE_BLENDING UNITY_ENABLE_DETAIL_NORMALMAP SHADER_API_DESKTOP UNITY_COLORSPACE_GAMMA UNITY_LIGHT_PROBE_PROXY_VOLUME UNITY_LIGHTMAP_FULL_HDR ok=0
Cmd: preprocess
  insize=13039 outsize=8376 ok=1
Cmd: preprocess
  insize=13039 outsize=8376 ok=1
Cmd: preprocess
  insize=13039 outsize=8376 ok=1
Cmd: preprocess
  insize=13039 outsize=8376 ok=1
Cmd: preprocess
  insize=13039 outsize=8376 ok=1
Cmd: preprocess
  insize=13039 outsize=8376 ok=1
Cmd: preprocess
  insize=13039 outsize=8376 ok=1
Cmd: preprocess
  insize=13039 outsize=8376 ok=1
Cmd: preprocess
  insize=13039 outsize=8376 ok=1
Cmd: preprocess
  insize=13039 outsize=8376 ok=1
Cmd: preprocess
  insize=13039 outsize=8376 ok=1
Cmd: preprocess
  insize=13039 outsize=8376 ok=1
Cmd: preprocess
  insize=13039 outsize=8376 ok=1
Cmd: preprocess
  insize=13039 outsize=8376 ok=1
Cmd: preprocess
  insize=13039 outsize=8376 ok=1
Cmd: preprocess
  insize=13039 outsize=8376 ok=1
Cmd: preprocess
  insize=13039 outsize=8376 ok=1
Cmd: preprocess
  insize=13039 outsize=8376 ok=1
Cmd: preprocess
  insize=13039 outsize=8376 ok=1
Cmd: preprocess
  insize=13039 outsize=8376 ok=1
Cmd: preprocess
  insize=13039 outsize=8376 ok=1
Cmd: preprocess
  insize=13039 outsize=8376 ok=1
Cmd: preprocess
  insize=13039 outsize=8376 ok=1
Cmd: preprocess
  insize=13039 outsize=8376 ok=1
Cmd: preprocess
  insize=13039 outsize=8376 ok=1
Cmd: preprocess
  insize=13039 outsize=8376 ok=1
Cmd: preprocess
  insize=13039 outsize=8376 ok=1
Cmd: preprocess
  insize=13039 outsize=8376 ok=1
Cmd: preprocess
  insize=13039 outsize=8376 ok=1
Cmd: preprocess
  insize=13039 outsize=8376 ok=1
Cmd: preprocess
  insize=13039 outsize=8376 ok=1
Cmd: preprocess
  insize=13039 outsize=8376 ok=1
Cmd: preprocess
  insize=13039 outsize=8376 ok=1
Cmd: preprocess
  insize=13039 outsize=8376 ok=1
Cmd: preprocess
  insize=13039 outsize=8376 ok=1
Cmd: preprocess
  insize=13039 outsize=8376 ok=1
Cmd: preprocess
  insize=13039 outsize=8376 ok=1
Cmd: preprocess
  insize=13039 outsize=8376 ok=1
Cmd: preprocess
  insize=13039 outsize=8376 ok=1
Cmd: preprocess
  insize=13039 outsize=8376 ok=1
Cmd: preprocess
  insize=13039 outsize=8376 ok=1
Cmd: preprocess
  insize=13039 outsize=8376 ok=1
Cmd: preprocess
  insize=13039 outsize=8376 ok=1
Cmd: preprocess
  insize=13039 outsize=8376 ok=1
Cmd: preprocess
  insize=13039 outsize=8376 ok=1
Cmd: preprocess
  insize=13039 outsize=8376 ok=1
Cmd: preprocess
  insize=13039 outsize=8376 ok=1
Cmd: preprocess
  insize=13039 outsize=8376 ok=1
Cmd: preprocess
  insize=13039 outsize=8376 ok=1
Cmd: preprocess
  insize=13039 outsize=8376 ok=1
Cmd: preprocess
  insize=13039 outsize=8376 ok=1
Cmd: preprocess
  insize=13039 outsize=8376 ok=1
Cmd: preprocess
  insize=13039 outsize=8376 ok=1
Cmd: preprocess
  insize=13039 outsize=8376 ok=1
Cmd: preprocess
  insize=13039 outsize=8376 ok=1
Cmd: preprocess
  insize=13039 outsize=8376 ok=1
Cmd: preprocess
  insize=13039 outsize=8376 ok=1
Cmd: preprocess
  insize=13039 outsize=8376 ok=1
Cmd: preprocess
  insize=13039 outsize=8376 ok=1
Cmd: preprocess
  insize=13039 outsize=8376 ok=1
Cmd: preprocess
  insize=13039 outsize=8376 ok=1
Cmd: preprocess
  insize=13039 outsize=8376 ok=1
Cmd: preprocess
  insize=13039 outsize=8376 ok=1
Cmd: preprocess
  insize=13039 outsize=8376 ok=1
Cmd: preprocess
  insize=13039 outsize=8376 ok=1
Cmd: preprocess
  insize=13039 outsize=8376 ok=1
Cmd: preprocess
  insize=13039 outsize=8376 ok=1
Cmd: preprocess
  insize=13039 outsize=8376 ok=1
Cmd: preprocess
  insize=13039 outsize=8376 ok=1
Cmd: preprocess
  insize=13039 outsize=8376 ok=1
Cmd: preprocess
  insize=13039 outsize=8376 ok=1
Cmd: preprocess
  insize=13039 outsize=8376 ok=1
Cmd: preprocess
  insize=13039 outsize=8376 ok=1
Cmd: preprocess
  insize=13039 outsize=8376 ok=1
Cmd: preprocess
  insize=13039 outsize=8376 ok=1
Cmd: preprocess
  insize=13039 outsize=8376 ok=1
Cmd: preprocess
  insize=13039 outsize=8376 ok=1
Cmd: preprocess
  insize=13039 outsize=8376 ok=1
Cmd: preprocess
  insize=13039 outsize=8376 ok=1
Cmd: preprocess
  insize=13039 outsize=8376 ok=1
Cmd: preprocess
  insize=13039 outsize=8376 ok=1
Cmd: preprocess
  insize=13039 outsize=8376 ok=1
Cmd: preprocess
  insize=13039 outsize=8376 ok=1
Cmd: preprocess
  insize=13039 outsize=8376 ok=1
Cmd: preprocess
  insize=13039 outsize=8376 ok=1
Cmd: preprocess
  insize=13039 outsize=8376 ok=1
Cmd: preprocess
  insize=13039 outsize=8376 ok=1
Cmd: preprocess
  insize=13039 outsize=8376 ok=1
Cmd: preprocess
  insize=13039 outsize=8376 ok=1
Cmd: preprocess
  insize=13039 outsize=8376 ok=1
Cmd: preprocess
  insize=13039 outsize=8376 ok=1
Cmd: preprocess
  insize=13039 outsize=8376 ok=1
Cmd: preprocess
  insize=5902 outsize=418 ok=1
Cmd: preprocess
  insize=5892 outsize=419 ok=1
Cmd: preprocess
  insize=5890 outsize=418 ok=1
Cmd: preprocess
  insize=5892 outsize=419 ok=1
Cmd: preprocess
  error: 1 plat 21 at (222): Unrecognized #pragma directive: UNITY_UV_STARTS_AT_TOP
  insize=5927 outsize=419 ok=1
Cmd: preprocess
  error: 1 plat 21 at (226): Unrecognized #pragma directive: UNITY_UV_STARTS_AT_TOP
  insize=5976 outsize=418 ok=1
Cmd: preprocess
  error: 1 plat 21 at (225): Unrecognized #pragma directive: UNITY_UV_STARTS_AT_TOP
  insize=5974 outsize=418 ok=1
Cmd: preprocess
  error: 1 plat 21 at (207): Unrecognized #pragma directive: UNITY_UV_STARTS_AT_TOP
  error: 1 plat 21 at (217): Unrecognized #pragma directive: UNITY_UV_STARTS_AT_TOP
  error: 1 plat 21 at (227): Unrecognized #pragma directive: UNITY_UV_STARTS_AT_TOP
  insize=6044 outsize=418 ok=1
Cmd: preprocess
  insize=13039 outsize=8376 ok=1
Cmd: preprocess
  insize=13039 outsize=8376 ok=1
Cmd: preprocess
  insize=13039 outsize=8376 ok=1
